Platanus version: 1.2.4
platanus assemble -o Poil -f sub1.fastq.trimmed sub2.fastq.trimmed 

K = 32, saving kmers from reads...
AVE_READ_LEN=97.583

KMER_EXTENSION:
K=32, KMER_COVERAGE=159.931 (>= 30), COVERAGE_CUTOFF=30
K=42, KMER_COVERAGE=135.911, COVERAGE_CUTOFF=30, PROB_SPLIT=10e-inf
K=52, KMER_COVERAGE=111.891, COVERAGE_CUTOFF=30, PROB_SPLIT=10e-inf
K=62, KMER_COVERAGE=87.8717, COVERAGE_CUTOFF=30, PROB_SPLIT=10e-11.5252
K=72, KMER_COVERAGE=63.8518, COVERAGE_CUTOFF=18, PROB_SPLIT=10e-10.421
K=82, KMER_COVERAGE=39.832, COVERAGE_CUTOFF=6, PROB_SPLIT=10e-10.2789
K=86, KMER_COVERAGE=30.2241, COVERAGE_CUTOFF=2, PROB_SPLIT=10e-10.9327
K=87, KMER_COVERAGE=27.8221, COVERAGE_CUTOFF=2, PROB_SPLIT=10e-10.3222
loading kmers...
connecting kmers...
removing branches...
BRANCH_DELETE_THRESHOLD=0.5
NUM_CUT=74
NUM_CUT=0
TOTAL_NUM_CUT=74
mapping reads on de Bruijn Graph nodes...
TOTAL_MAPPED_READS=8641340
TOTAL_UNMAPPED_READS=943694
TOTAL_SHORT_READS(<32)=41745
NUM_DELETE_NODE(reads are unmapped)=61
NUM_CUT_NODE=13
extracting reads (containing kmer used in contig assemble)...
K = 42, loading kmers from contigs...
K = 42, saving additional kmers(not found in contigs) from reads...
COVERAGE_CUTOFF = 30
loading kmers...
connecting kmers...
removing branches...
BRANCH_DELETE_THRESHOLD=0.5
NUM_CUT=13
NUM_CUT=0
TOTAL_NUM_CUT=13
mapping reads on de Bruijn Graph nodes...
TOTAL_MAPPED_READS=8587807
TOTAL_UNMAPPED_READS=935283
TOTAL_SHORT_READS(<42)=103689
NUM_DELETE_NODE(reads are unmapped)=14
NUM_CUT_NODE=10
extracting reads (containing kmer used in contig assemble)...
K = 52, loading kmers from contigs...
K = 52, saving additional kmers(not found in contigs) from reads...
COVERAGE_CUTOFF = 30
loading kmers...
connecting kmers...
removing branches...
BRANCH_DELETE_THRESHOLD=0.5
NUM_CUT=12
NUM_CUT=0
TOTAL_NUM_CUT=12
mapping reads on de Bruijn Graph nodes...
TOTAL_MAPPED_READS=8528732
TOTAL_UNMAPPED_READS=924768
TOTAL_SHORT_READS(<52)=173279
NUM_DELETE_NODE(reads are unmapped)=7
NUM_CUT_NODE=5
extracting reads (containing kmer used in contig assemble)...
K = 62, loading kmers from contigs...
K = 62, saving additional kmers(not found in contigs) from reads...
COVERAGE_CUTOFF = 30
loading kmers...
connecting kmers...
removing branches...
BRANCH_DELETE_THRESHOLD=0.5
NUM_CUT=9
NUM_CUT=0
TOTAL_NUM_CUT=9
mapping reads on de Bruijn Graph nodes...
TOTAL_MAPPED_READS=8458341
TOTAL_UNMAPPED_READS=908590
TOTAL_SHORT_READS(<62)=259848
NUM_DELETE_NODE(reads are unmapped)=4
NUM_CUT_NODE=7
extracting reads (containing kmer used in contig assemble)...
K = 72, loading kmers from contigs...
K = 72, saving additional kmers(not found in contigs) from reads...
COVERAGE_CUTOFF = 18
loading kmers...
connecting kmers...
removing branches...
BRANCH_DELETE_THRESHOLD=0.5
NUM_CUT=22
NUM_CUT=0
TOTAL_NUM_CUT=22
mapping reads on de Bruijn Graph nodes...
TOTAL_MAPPED_READS=8360647
TOTAL_UNMAPPED_READS=883963
TOTAL_SHORT_READS(<72)=382169
NUM_DELETE_NODE(reads are unmapped)=5
NUM_CUT_NODE=7
extracting reads (containing kmer used in contig assemble)...
K = 82, loading kmers from contigs...
K = 82, saving additional kmers(not found in contigs) from reads...
COVERAGE_CUTOFF = 6
loading kmers...
connecting kmers...
removing branches...
BRANCH_DELETE_THRESHOLD=0.5
NUM_CUT=85
NUM_CUT=1
NUM_CUT=0
TOTAL_NUM_CUT=86
mapping reads on de Bruijn Graph nodes...
TOTAL_MAPPED_READS=8212437
TOTAL_UNMAPPED_READS=844547
TOTAL_SHORT_READS(<82)=569795
NUM_DELETE_NODE(reads are unmapped)=25
NUM_CUT_NODE=18
extracting reads (containing kmer used in contig assemble)...
K = 86, loading kmers from contigs...
K = 86, saving additional kmers(not found in contigs) from reads...
COVERAGE_CUTOFF = 2
loading kmers...
connecting kmers...
removing branches...
BRANCH_DELETE_THRESHOLD=0.5
NUM_CUT=235
NUM_CUT=3
NUM_CUT=0
TOTAL_NUM_CUT=238
mapping reads on de Bruijn Graph nodes...
TOTAL_MAPPED_READS=8123311
TOTAL_UNMAPPED_READS=821624
TOTAL_SHORT_READS(<86)=681844
NUM_DELETE_NODE(reads are unmapped)=28
NUM_CUT_NODE=40
extracting reads (containing kmer used in contig assemble)...
K = 87, loading kmers from contigs...
K = 87, saving additional kmers(not found in contigs) from reads...
COVERAGE_CUTOFF = 2
loading kmers...
connecting kmers...
removing branches...
BRANCH_DELETE_THRESHOLD=0.5
NUM_CUT=127
NUM_CUT=2
NUM_CUT=0
TOTAL_NUM_CUT=129
LENGTH_CUTOFF = 174
COVERAGE_CUTOFF = 5
removing erroneous nodes...
NUM_REMOVED_NODES=26
NUM_REMOVED_NODES=3
NUM_REMOVED_NODES=0
TOTAL_NUM_REMOVED_NODES=29
AVE_KMER_COV_REMOVING_BUBBLE=27.758
removing bubbles...
BUBBLE_IDENTITY_THRESHOLD=0.1
NUM_REMOVED_BUBBLES=0
TOTAL_NUM_REMOVED_BUBBLES=0
mapping reads on de Bruijn Graph nodes...
TOTAL_MAPPED_READS=8096184
TOTAL_UNMAPPED_READS=815119
TOTAL_SHORT_READS(<87)=715476
NUM_DELETE_NODE(reads are unmapped)=0
NUM_CUT_NODE=14
assemble completed!

#### PROCESS INFORMATION ####
VmPeak:          14.188 GByte
VmHWM:            4.649 GByte
505.85user 51.03system 9:16.92elapsed 99%CPU (0avgtext+0avgdata 14874912maxresident)k
0inputs+5319984outputs (0major+54192651minor)pagefaults 0swaps
