Platanus version: 1.2.4
platanus scaffold -o Poil -c Poil_contig.fa -IP1 sub1.fastq.trimmed sub2.fastq.trimmed -OP2 matep1.fastq.int_trimmed matep2.fastq.int_trimmed 

K=32, making hash table...
K=32, making hash table...
CONTIG_AVERAGE_COVERAGE = 234.467
[LIBRARY 1]
mapping reads...
TOTAL_PAIR = 4813389
MAPPED_PAIR = 4640159 (0.964011)
MAPPED_IN_DIFFERENT_CONTIGS = 128395 (0.0266746)
MAPPED_IN_SAME_CONTIG = 4511764 (0.937336)
AVERAGE_COVERAGE = 232.628
[LIBRARY 2]
mapping reads...
TOTAL_PAIR = 856302
MAPPED_PAIR = 691807 (0.807901)
MAPPED_IN_DIFFERENT_CONTIGS = 146872 (0.171519)
MAPPED_IN_SAME_CONTIG = 544935 (0.636382)
AVERAGE_COVERAGE = 39.7937
estimating insert-size...
PEAK = 245
LOWER_LIMIT (permissible range to estimate AVE_INS)= 61
UPPER_LIMIT (permissible range to estimate AVE_INS)= 429
AVE_INS = 248
SD_INS = 39
[LIBRARY 1]
AVE_INS = 248, SD_INS = 39
saving overlaps... (LEN_CUTOFF=78)
destructing mapper objects...
[LIBRARY 1]
AVE_INS = 248, SD_INS = 39
linking scaffolds (MIN_LINK = 18)
sorting links in contigID order...
estimating contig distances...
constructing scaffold graph
NUM_REMOVED_OVERLAP_CONTIGS=0 (CONTAINED_HETERO)
TOLERENCE_LEVEL_OF_CONTIG_OVERLAP = 78
linking scaffolds (MIN_LINK = 18)
sorting links in contigID order...
estimating contig distances...
constructing scaffold graph
NUM_REMOVED_BUBBLES=0 (COVERAGE_THRESHOLD)
removing bubbles... (MAX_BUBBLE_IDENTITY = 0.1)
NUM_REMOVED_BUBBLES=0
TOTAL_NUM_REMOVED_BUBBLES=0
removing erroneous edges...
NUM_SPLIT_LINK (not enough mapped pairs)=73
NUM_SPLIT_LINK (not enough mapped pairs)=0
TOTAL_SPLIT_LINK (not enough mapped pairs)=73
scaffolding...
linking scaffolds (MIN_LINK = 18)
sorting links in contigID order...
estimating contig distances...
constructing scaffold graph
NUM_REMOVED_BUBBLES=0 (COVERAGE_THRESHOLD)
removing bubbles... (MAX_BUBBLE_IDENTITY = 0.1)
NUM_REMOVED_BUBBLES=0
TOTAL_NUM_REMOVED_BUBBLES=0
NUM_SPLIT_LINK (not originate from heterozygosity)=0 (COVERAGE_THRESHOLD)
scaffolding...
linking scaffolds (MIN_LINK = 18)
sorting links in contigID order...
estimating contig distances...
constructing scaffold graph
NUM_REMOVED_OVERLAP_CONTIGS=0 (CONTAINED_HETERO)
TOLERENCE_LEVEL_OF_CONTIG_OVERLAP = 117
linking scaffolds (MIN_LINK = 18)
sorting links in contigID order...
estimating contig distances...
constructing scaffold graph
NUM_REMOVED_BUBBLES=0 (COVERAGE_THRESHOLD)
removing bubbles... (MAX_BUBBLE_IDENTITY = 0.1)
NUM_REMOVED_BUBBLES=0
TOTAL_NUM_REMOVED_BUBBLES=0
removing erroneous edges...
NUM_SPLIT_LINK (not enough mapped pairs)=14
NUM_SPLIT_LINK (not enough mapped pairs)=0
TOTAL_SPLIT_LINK (not enough mapped pairs)=14
scaffolding...
linking scaffolds (MIN_LINK = 18)
sorting links in contigID order...
estimating contig distances...
constructing scaffold graph
NUM_REMOVED_BUBBLES=0 (COVERAGE_THRESHOLD)
removing bubbles... (MAX_BUBBLE_IDENTITY = 0.1)
NUM_REMOVED_BUBBLES=0
TOTAL_NUM_REMOVED_BUBBLES=0
NUM_SPLIT_LINK (not originate from heterozygosity)=0 (COVERAGE_THRESHOLD)
scaffolding...
estimating insert-size...
PEAK = 2489
LOWER_LIMIT (permissible range to estimate AVE_INS)= 622
UPPER_LIMIT (permissible range to estimate AVE_INS)= 4356
AVE_INS = 2904
SD_INS = 794
[LIBRARY 2]
AVE_INS = 2904, SD_INS = 794
linking scaffolds (MIN_LINK = 58)
sorting links in contigID order...
estimating contig distances...
constructing scaffold graph
NUM_REMOVED_OVERLAP_CONTIGS=0 (CONTAINED_HETERO)
TOLERENCE_LEVEL_OF_CONTIG_OVERLAP = 1588
linking scaffolds (MIN_LINK = 58)
sorting links in contigID order...
estimating contig distances...
constructing scaffold graph
NUM_REMOVED_BUBBLES=0 (COVERAGE_THRESHOLD)
removing bubbles... (MAX_BUBBLE_IDENTITY = 0.1)
NUM_REMOVED_BUBBLES=0
TOTAL_NUM_REMOVED_BUBBLES=0
removing erroneous edges...
NUM_SPLIT_LINK (not enough mapped pairs)=0
TOTAL_SPLIT_LINK (not enough mapped pairs)=0
deleting edges from repeat contigs...
linking scaffolds (MIN_LINK = 58)
sorting links in contigID order...
estimating contig distances...
constructing scaffold graph
NUM_REMOVED_BUBBLES=0 (COVERAGE_THRESHOLD)
removing bubbles... (MAX_BUBBLE_IDENTITY = 0.1)
NUM_REMOVED_BUBBLES=0
TOTAL_NUM_REMOVED_BUBBLES=0
removing erroneous edges...
NUM_SPLIT_LINK (not enough mapped pairs)=0
TOTAL_SPLIT_LINK (not enough mapped pairs)=0
scaffolding...
linking scaffolds (MIN_LINK = 58)
sorting links in contigID order...
estimating contig distances...
constructing scaffold graph
NUM_REMOVED_BUBBLES=0 (COVERAGE_THRESHOLD)
removing bubbles... (MAX_BUBBLE_IDENTITY = 0.1)
NUM_REMOVED_BUBBLES=0
TOTAL_NUM_REMOVED_BUBBLES=0
NUM_SPLIT_LINK (not originate from heterozygosity)=0 (COVERAGE_THRESHOLD)
scaffolding...
linking scaffolds (MIN_LINK = 58)
sorting links in contigID order...
estimating contig distances...
constructing scaffold graph
NUM_REMOVED_OVERLAP_CONTIGS=0 (CONTAINED_HETERO)
TOLERENCE_LEVEL_OF_CONTIG_OVERLAP = 2382
linking scaffolds (MIN_LINK = 58)
sorting links in contigID order...
estimating contig distances...
constructing scaffold graph
NUM_REMOVED_BUBBLES=0 (COVERAGE_THRESHOLD)
removing bubbles... (MAX_BUBBLE_IDENTITY = 0.1)
NUM_REMOVED_BUBBLES=0
TOTAL_NUM_REMOVED_BUBBLES=0
removing erroneous edges...
NUM_SPLIT_LINK (not enough mapped pairs)=0
TOTAL_SPLIT_LINK (not enough mapped pairs)=0
deleting edges from repeat contigs...
linking scaffolds (MIN_LINK = 58)
sorting links in contigID order...
estimating contig distances...
constructing scaffold graph
NUM_REMOVED_BUBBLES=0 (COVERAGE_THRESHOLD)
removing bubbles... (MAX_BUBBLE_IDENTITY = 0.1)
NUM_REMOVED_BUBBLES=0
TOTAL_NUM_REMOVED_BUBBLES=0
removing erroneous edges...
NUM_SPLIT_LINK (not enough mapped pairs)=0
TOTAL_SPLIT_LINK (not enough mapped pairs)=0
scaffolding...
linking scaffolds (MIN_LINK = 58)
sorting links in contigID order...
estimating contig distances...
constructing scaffold graph
NUM_REMOVED_BUBBLES=0 (COVERAGE_THRESHOLD)
removing bubbles... (MAX_BUBBLE_IDENTITY = 0.1)
NUM_REMOVED_BUBBLES=0
TOTAL_NUM_REMOVED_BUBBLES=0
NUM_SPLIT_LINK (not originate from heterozygosity)=0 (COVERAGE_THRESHOLD)
scaffolding...
[LIBRARY 1]
AVE_INS = 248, SD_INS = 39
linking scaffolds (MIN_LINK = 3)
sorting links in contigID order...
estimating contig distances...
constructing scaffold graph
NUM_REMOVED_OVERLAP_CONTIGS=0 (CONTAINED_HETERO)
TOLERENCE_LEVEL_OF_CONTIG_OVERLAP = 78
linking scaffolds (MIN_LINK = 3)
sorting links in contigID order...
estimating contig distances...
constructing scaffold graph
NUM_REMOVED_BUBBLES=0 (COVERAGE_THRESHOLD)
removing bubbles... (MAX_BUBBLE_IDENTITY = 0.1)
NUM_REMOVED_BUBBLES=0
TOTAL_NUM_REMOVED_BUBBLES=0
removing erroneous edges...
NUM_SPLIT_LINK (not enough mapped pairs)=153
NUM_SPLIT_LINK (not enough mapped pairs)=0
TOTAL_SPLIT_LINK (not enough mapped pairs)=153
deleting edges from repeat contigs...
scaffolding...
linking scaffolds (MIN_LINK = 3)
sorting links in contigID order...
estimating contig distances...
constructing scaffold graph
NUM_REMOVED_BUBBLES=0 (COVERAGE_THRESHOLD)
removing bubbles... (MAX_BUBBLE_IDENTITY = 0.1)
NUM_REMOVED_BUBBLES=0
TOTAL_NUM_REMOVED_BUBBLES=0
NUM_SPLIT_LINK (not originate from heterozygosity)=0 (COVERAGE_THRESHOLD)
scaffolding...
linking scaffolds (MIN_LINK = 3)
sorting links in contigID order...
estimating contig distances...
constructing scaffold graph
NUM_REMOVED_OVERLAP_CONTIGS=0 (CONTAINED_HETERO)
TOLERENCE_LEVEL_OF_CONTIG_OVERLAP = 117
linking scaffolds (MIN_LINK = 3)
sorting links in contigID order...
estimating contig distances...
constructing scaffold graph
NUM_REMOVED_BUBBLES=0 (COVERAGE_THRESHOLD)
removing bubbles... (MAX_BUBBLE_IDENTITY = 0.1)
NUM_REMOVED_BUBBLES=0
TOTAL_NUM_REMOVED_BUBBLES=0
removing erroneous edges...
NUM_SPLIT_LINK (not enough mapped pairs)=17
NUM_SPLIT_LINK (not enough mapped pairs)=0
TOTAL_SPLIT_LINK (not enough mapped pairs)=17
deleting edges from repeat contigs...
scaffolding...
linking scaffolds (MIN_LINK = 3)
sorting links in contigID order...
estimating contig distances...
constructing scaffold graph
NUM_REMOVED_BUBBLES=0 (COVERAGE_THRESHOLD)
removing bubbles... (MAX_BUBBLE_IDENTITY = 0.1)
NUM_REMOVED_BUBBLES=0
TOTAL_NUM_REMOVED_BUBBLES=0
NUM_SPLIT_LINK (not originate from heterozygosity)=0 (COVERAGE_THRESHOLD)
scaffolding...
Library1 PHYSICAL_COVERAGE=294
SUM_SHORT_LIBRARY_PHYSICAL_COVERAGE=294
Library2 PHYSICAL_COVERAGE=535
SUM_LONG_LIBRARY_PHYSICAL_COVERAGE=535
checking erroneous scaffold using long libraries...
spliting low coverage links...
NUM_SPLIT_LINK(low coverage)= 0
[LIBRARY 2]
AVE_INS = 2904, SD_INS = 794
linking scaffolds (MIN_LINK = 3)
sorting links in contigID order...
estimating contig distances...
constructing scaffold graph
NUM_REMOVED_OVERLAP_CONTIGS=1 (CONTAINED_HETERO)
TOLERENCE_LEVEL_OF_CONTIG_OVERLAP = 1588
linking scaffolds (MIN_LINK = 3)
sorting links in contigID order...
estimating contig distances...
constructing scaffold graph
NUM_REMOVED_BUBBLES=0 (COVERAGE_THRESHOLD)
removing bubbles... (MAX_BUBBLE_IDENTITY = 0.1)
NUM_REMOVED_BUBBLES=0
TOTAL_NUM_REMOVED_BUBBLES=0
removing erroneous edges...
NUM_SPLIT_LINK (not enough mapped pairs)=0
TOTAL_SPLIT_LINK (not enough mapped pairs)=0
deleting edges from repeat contigs...
scaffolding...
linking scaffolds (MIN_LINK = 3)
sorting links in contigID order...
estimating contig distances...
constructing scaffold graph
NUM_REMOVED_BUBBLES=0 (COVERAGE_THRESHOLD)
removing bubbles... (MAX_BUBBLE_IDENTITY = 0.1)
NUM_REMOVED_BUBBLES=0
TOTAL_NUM_REMOVED_BUBBLES=0
NUM_SPLIT_LINK (not originate from heterozygosity)=0 (COVERAGE_THRESHOLD)
scaffolding...
linking scaffolds (MIN_LINK = 3)
sorting links in contigID order...
estimating contig distances...
constructing scaffold graph
NUM_REMOVED_OVERLAP_CONTIGS=0 (CONTAINED_HETERO)
TOLERENCE_LEVEL_OF_CONTIG_OVERLAP = 2382
linking scaffolds (MIN_LINK = 3)
sorting links in contigID order...
estimating contig distances...
constructing scaffold graph
NUM_REMOVED_BUBBLES=0 (COVERAGE_THRESHOLD)
removing bubbles... (MAX_BUBBLE_IDENTITY = 0.1)
NUM_REMOVED_BUBBLES=0
TOTAL_NUM_REMOVED_BUBBLES=0
removing erroneous edges...
NUM_SPLIT_LINK (not enough mapped pairs)=0
TOTAL_SPLIT_LINK (not enough mapped pairs)=0
deleting edges from repeat contigs...
scaffolding...
linking scaffolds (MIN_LINK = 3)
sorting links in contigID order...
estimating contig distances...
constructing scaffold graph
NUM_REMOVED_BUBBLES=0 (COVERAGE_THRESHOLD)
removing bubbles... (MAX_BUBBLE_IDENTITY = 0.1)
NUM_REMOVED_BUBBLES=0
TOTAL_NUM_REMOVED_BUBBLES=0
NUM_SPLIT_LINK (not originate from heterozygosity)=0 (COVERAGE_THRESHOLD)
scaffolding...
Library1 PHYSICAL_COVERAGE=294
Library2 PHYSICAL_COVERAGE=535
SUM_SHORT_LIBRARY_PHYSICAL_COVERAGE=829
SUM_LONG_LIBRARY_PHYSICAL_COVERAGE=0
writing scaffold files...
scaffold completed!

#### PROCESS INFORMATION ####
VmPeak:           0.251 GByte
VmHWM:            0.247 GByte
39.85user 1.44system 0:41.30elapsed 99%CPU (0avgtext+0avgdata 258712maxresident)k
0inputs+2600904outputs (0major+71933minor)pagefaults 0swaps
